<?xml version="1.0" encoding="UTF-8"?>
<testng-results ignored="0" total="8" passed="8" failed="0" skipped="0">
  <reporter-output>
  </reporter-output>
  <suite started-at="2021-02-26T00:28:27 IST" name="Default suite (0)" finished-at="2021-02-26T00:28:27 IST" duration-ms="27">
    <groups>
    </groups>
    <test started-at="2021-02-26T00:28:27 IST" name="Sanity test" finished-at="2021-02-26T00:28:27 IST" duration-ms="27">
      <class name="TestNG.LoginTest">
        <test-method signature="loginbyemail()[pri:0, instance:TestNG.LoginTest@7f010382]" started-at="2021-02-26T00:28:27 IST" name="loginbyemail" finished-at="2021-02-26T00:28:27 IST" duration-ms="1" status="PASS">
          <reporter-output>
          </reporter-output>
        </test-method> <!-- loginbyemail -->
        <test-method signature="loginbyfacebook()[pri:0, instance:TestNG.LoginTest@7f010382]" started-at="2021-02-26T00:28:27 IST" name="loginbyfacebook" finished-at="2021-02-26T00:28:27 IST" duration-ms="2" status="PASS">
          <reporter-output>
          </reporter-output>
        </test-method> <!-- loginbyfacebook -->
        <test-method signature="loginbytwitter()[pri:0, instance:TestNG.LoginTest@7f010382]" started-at="2021-02-26T00:28:27 IST" name="loginbytwitter" finished-at="2021-02-26T00:28:27 IST" duration-ms="3" status="PASS">
          <reporter-output>
          </reporter-output>
        </test-method> <!-- loginbytwitter -->
      </class> <!-- TestNG.LoginTest -->
      <class name="TestNG.SignupTest">
        <test-method signature="signupbyemail()[pri:0, instance:TestNG.SignupTest@1e802ef9]" started-at="2021-02-26T00:28:27 IST" name="signupbyemail" finished-at="2021-02-26T00:28:27 IST" duration-ms="1" status="PASS">
          <reporter-output>
          </reporter-output>
        </test-method> <!-- signupbyemail -->
        <test-method signature="signupbyfacebook()[pri:0, instance:TestNG.SignupTest@1e802ef9]" started-at="2021-02-26T00:28:27 IST" name="signupbyfacebook" finished-at="2021-02-26T00:28:27 IST" duration-ms="1" status="PASS">
          <reporter-output>
          </reporter-output>
        </test-method> <!-- signupbyfacebook -->
        <test-method signature="signupbytwitter()[pri:0, instance:TestNG.SignupTest@1e802ef9]" started-at="2021-02-26T00:28:27 IST" name="signupbytwitter" finished-at="2021-02-26T00:28:27 IST" duration-ms="1" status="PASS">
          <reporter-output>
          </reporter-output>
        </test-method> <!-- signupbytwitter -->
      </class> <!-- TestNG.SignupTest -->
    </test> <!-- Sanity test -->
  </suite> <!-- Default suite (0) -->
  <suite started-at="2021-02-26T00:28:27 IST" name="Default suite" finished-at="2021-02-26T00:28:27 IST" duration-ms="54">
    <groups>
    </groups>
    <test started-at="2021-02-26T00:28:27 IST" name="Functional test" finished-at="2021-02-26T00:28:27 IST" duration-ms="54">
      <class name="TestNG.PaymentTest">
        <test-method signature="paymentbydollar()[pri:0, instance:TestNG.PaymentTest@2928854b]" started-at="2021-02-26T00:28:27 IST" name="paymentbydollar" finished-at="2021-02-26T00:28:27 IST" duration-ms="12" status="PASS">
          <reporter-output>
          </reporter-output>
        </test-method> <!-- paymentbydollar -->
        <test-method signature="paymentbyrupees()[pri:0, instance:TestNG.PaymentTest@2928854b]" started-at="2021-02-26T00:28:27 IST" name="paymentbyrupees" finished-at="2021-02-26T00:28:27 IST" duration-ms="1" status="PASS">
          <reporter-output>
          </reporter-output>
        </test-method> <!-- paymentbyrupees -->
      </class> <!-- TestNG.PaymentTest -->
    </test> <!-- Functional test -->
  </suite> <!-- Default suite -->
  <suite started-at="2021-02-26T00:28:27 IST" name="Master Suite" finished-at="2021-02-26T00:28:27 IST" duration-ms="0">
    <groups>
    </groups>
  </suite> <!-- Master Suite -->
</testng-results>
