<?xml version="1.0" encoding="UTF-8"?>
<!-- Generated by org.testng.reporters.JUnitXMLReporter -->
<testsuite ignored="0" hostname="LAPTOP-HOR4TBGU" failures="0" tests="6" name="Sanity test" time="0.027" errors="0" timestamp="2021-02-26T00:28:27 IST">
  <testcase classname="TestNG.LoginTest" name="loginbyemail" time="0.001"/>
  <testcase classname="TestNG.LoginTest" name="loginbyfacebook" time="0.002"/>
  <testcase classname="TestNG.LoginTest" name="loginbytwitter" time="0.003"/>
  <testcase classname="TestNG.SignupTest" name="signupbyemail" time="0.001"/>
  <testcase classname="TestNG.SignupTest" name="signupbyfacebook" time="0.001"/>
  <testcase classname="TestNG.SignupTest" name="signupbytwitter" time="0.001"/>
</testsuite> <!-- Sanity test -->
