<?xml version="1.0" encoding="UTF-8"?>
<!-- Generated by org.testng.reporters.JUnitXMLReporter -->
<testsuite ignored="0" hostname="LAPTOP-HOR4TBGU" failures="1" tests="2" name="login test" time="0.103" errors="0" timestamp="2021-02-26T00:10:33 IST">
  <testcase classname="Listner.Logintest" name="loginbyemail" time="0.021"/>
  <testcase classname="Listner.Logintest" name="loginbyfacebook" time="0.003">
    <failure type="org.junit.ComparisonFailure" message="expected:&amp;lt;[Aditya]&amp;gt; but was:&amp;lt;[Patil]&amp;gt;">
      <![CDATA[org.junit.ComparisonFailure: expected:<[Aditya]> but was:<[Patil]>
at org.junit.Assert.assertEquals(Assert.java:115)
at org.junit.Assert.assertEquals(Assert.java:144)
at Listner.Logintest.loginbyfacebook(Logintest.java:16)
at java.base/java.util.ArrayList.forEach(ArrayList.java:1511)
... Removed 27 stack frames]]>
    </failure>
  </testcase> <!-- loginbyfacebook -->
</testsuite> <!-- login test -->
