<?xml version="1.0" encoding="UTF-8"?>
<!-- Generated by org.testng.reporters.JUnitXMLReporter -->
<testsuite ignored="0" hostname="LAPTOP-HOR4TBGU" failures="0" tests="6" name="Sanity test" time="0.071" errors="0" timestamp="2021-02-10T23:15:11 IST">
  <testcase classname="TestNG.LoginTest" name="loginbyemail" time="0.009"/>
  <testcase classname="TestNG.LoginTest" name="loginbyfacebook" time="0.002"/>
  <testcase classname="TestNG.LoginTest" name="loginbytwitter" time="0.002"/>
  <testcase classname="TestNG.SignupTest" name="signupbyemail" time="0.002"/>
  <testcase classname="TestNG.SignupTest" name="signupbyfacebook" time="0.003"/>
  <testcase classname="TestNG.SignupTest" name="signupbytwitter" time="0.003"/>
</testsuite> <!-- Sanity test -->
